rhododendron_adenopodum.md → Rhododendron adenopodum Franchet
rhododendron_adenosum.md → Rhododendron adenosum Davidian
rhododendron_afghanicum.md → Rhododendron afghanicum Aitchison & Hemsley
rhododendron_aganniphum.md → Rhododendron aganniphum Balfour f. & Kingdon-Ward
rhododendron_agastum.md → Rhododendron agastum Balfour f. & W. W. Smith
rhododendron_albiflorum.md → Rhododendron albiflorum W. J. Hooker
rhododendron_alutaceum.md → Rhododendron alutaceum Balfour f. & W. W. Smith
rhododendron_amagianum.md → Rhododendron amagianum Makino
rhododendron_ambiguum.md → Rhododendron ambiguum Hemsley
rhododendron_amesiae.md → Rhododendron amesiae Rehder & Wilson
rhododendron_amundsenianum.md → Rhododendron amundsenianum Handel-Mazzetti
rhododendron_annae.md → Rhododendron annae Franchet
rhododendron_anthopogon.md → Rhododendron anthopogon D. Don
rhododendron_anthopogonoides.md → Rhododendron anthopogonoides Maximowicz
rhododendron_aperantum.md → Rhododendron aperantum Balfour f. & Kingdon-Ward
rhododendron_apricum.md → Rhododendron apricum P.X.Tan
rhododendron_araiophyllum.md → Rhododendron araiophyllum Balfour f. & W. W. Smith
rhododendron_arborescens.md → Rhododendron arborescens (Pursh) Torr.
rhododendron_arboreum.md → Rhododendron arboreum Smith
rhododendron_argyrophyllum.md → Rhododendron argyrophyllum Franchet
rhododendron_arunachalense.md → Rhododendron arunachalense Chamberlain & Rae
rhododendron_atrovirens.md → Rhododendron atrovirens Franchet
rhododendron_augustinii.md → Rhododendron augustinii Hemsley
rhododendron_auriculatum.md → Rhododendron auriculatum Hemsley
rhododendron_austiinum.md → Rhododendron austiinum (Small) Rehder
rhododendron_baileyi.md → Rhododendron baileyi Balfour f.
rhododendron_bainbridgeanum.md → Rhododendron bainbridgeanum Tagg & Forrest in Stevenson (ed.)
rhododendron_barbatum.md → Rhododendron barbatum [Wallich ex] G. Don
rhododendron_barkamense.md → Rhododendron barkamense Chamberlain
rhododendron_basilicum.md → Rhododendron basilicum Balfour f. & W. W. Smith
rhododendron_bathyphyllum.md → Rhododendron bathyphyllum Balfour f. & Forrest
rhododendron_bicorniculatum.md → Rhododendron bicorniculatum P.X.Tan
rhododendron_bonvalotii.md → Rhododendron bonvalotii Bureau & Franchet
rhododendron_boothii.md → Rhododendron boothii Nuttall
rhododendron_brachyanthum.md → Rhododendron brachyanthum Franchet
rhododendron_brachycarpum.md → Rhododendron brachycarpum [D. Don ex] G. Don
rhododendron_bracteatum.md → Rhododendron bracteatum Rehder & Wilson
rhododendron_brevinerve.md → Rhododendron brevinerve Chun & Fang
rhododendron_bulu.md → Rhododendron bulu Hutchinson
rhododendron_bureavii.md → Rhododendron bureavii Franchet
rhododendron_burjaticum.md → Rhododendron burjaticum Malyschev
rhododendron_burmanicum.md → Rhododendron burmanicum Hutchinson
rhododendron_burttii.md → Rhododendron burttii P.Woods
rhododendron_buxifolium.md → Rhododendron buxifolium Low ex Hook.f.
rhododendron_caesium.md → Rhododendron caesium Hutchinson
rhododendron_calendulaceum.md → Rhododendron calendulaceum (Michx.) Torrey
rhododendron_callimorphum.md → Rhododendron callimorphum Balfour f. & W. W. Smith
rhododendron_calophytum.md → Rhododendron calophytum Franchet
rhododendron_calostrotum.md → Rhododendron calostrotum Balfour f. & Kingdon Ward
rhododendron_calvescens.md → Rhododendron calvescens Balfour f. & Forrest
rhododendron_camelliiflorum.md → Rhododendron camelliiflorum Hooker
rhododendron_campanulatum.md → Rhododendron campanulatum D. Don
rhododendron_campylocarpum.md → Rhododendron campylocarpum Hooker f.
rhododendron_campylogynum.md → Rhododendron campylogynum Franchet
rhododendron_camtschaticum.md → Rhododendron camtschaticum Pallas
rhododendron_canadense.md → Rhododendron canadense (L.)Torrey
rhododendron_canescens.md → Rhododendron canescens (Michaux) Sweet
rhododendron_capitatum.md → Rhododendron capitatum Maximowicz
rhododendron_carneum.md → Rhododendron carneum Hutchinson
rhododendron_catacosmum.md → Rhododendron catacosmum [Balfour f. ex] Tagg
rhododendron_catawbiense.md → Rhododendron catawbiense Michaux
rhododendron_caucasicum.md → Rhododendron caucasicum Pallas
rhododendron_cavaleriei.md → Rhododendron cavaleriei Leveille
rhododendron_cephalanthum.md → Rhododendron cephalanthum Franchet
rhododendron_cerasinum.md → Rhododendron cerasinum Tagg
rhododendron_chamaethomsonii.md → Rhododendron chamaethomsonii (Tagg & Forrest) Cowan & Davidian
rhododendron_championae.md → Rhododendron championae Hooker f.
rhododendron_charitopes.md → Rhododendron charitopes Balfour f. & Fairer
rhododendron_chihsinianum.md → Rhododendron chihsinianum Chun & Fang
rhododendron_christi.md → Rhododendron christi Foerster
rhododendron_chrysocalyx.md → Rhododendron chrysocalyx Levi. & Van.
rhododendron_chrysodoron.md → Rhododendron chrysodoron [Tagg ex] Hutchinson
rhododendron_chunii.md → Rhododendron chunii Fang
rhododendron_ciliatum.md → Rhododendron ciliatum Hooker
rhododendron_ciliicalyx.md → Rhododendron ciliicalyx Franchet
rhododendron_ciliipes.md → Rhododendron ciliipes Hutchinson
rhododendron_cinnabarinum.md → Rhododendron cinnabarinum Hooker
rhododendron_citriniflorum.md → Rhododendron citriniflorum Balfour f. & Forrest
rhododendron_clementinae.md → Rhododendron clementinae Forrest
rhododendron_codonanthum.md → Rhododendron codonanthum Balfour f. & Forrest
rhododendron_coelicum.md → Rhododendron coelicum Balfour f. & Fairer
rhododendron_coeloneuron.md → Rhododendron coeloneuron Diels
rhododendron_collettianum.md → Rhododendron collettianum Aitchison & Hemsley
rhododendron_comisteum.md → Rhododendron comisteum Balfour f. & Forrest in Notes R.B.G. Edinb. 11: 42 (1919). Type: China
rhododendron_commonae.md → Rhododendron commonae Foerster
rhododendron_complexum.md → Rhododendron complexum Balfour f. & W. W. Smith
rhododendron_concinnoides.md → Rhododendron concinnoides Hutchinson & Kingdon Ward
rhododendron_concinnum.md → Rhododendron concinnum Hemsley
rhododendron_coriaceum.md → Rhododendron coriaceum Franchet
rhododendron_crenulatum.md → Rhododendron crenulatum [Hutchinson ex] Sleumer
rhododendron_cretaceum.md → Rhododendron cretaceum P.X.Tan
rhododendron_crinigerum.md → Rhododendron crinigerum Franchet
rhododendron_cuffeanum.md → Rhododendron cuffeanum [Craib ex] Hutchinson
rhododendron_cumberlandense.md → Rhododendron cumberlandense E. L. Braun
rhododendron_cuneatum.md → Rhododendron cuneatum W. W. Smith
rhododendron_cyanocarpum.md → Rhododendron cyanocarpum (Franchet) W. W. Smith
rhododendron_daiyumcum.md → Rhododendron daiyumcum P.X.Tan
rhododendron_dalhousiae.md → Rhododendron dalhousiae Hooker
rhododendron_dasycladoides.md → Rhododendron dasycladoides Handel-Mazzetti
rhododendron_dasypetalum.md → Rhododendron dasypetalum Balfour f. & Forrest
rhododendron_datiandingense.md → Rhododendron datiandingense Z.J.Feng
rhododendron_dauricum.md → Rhododendron dauricum Linnaeus
rhododendron_davidii.md → Rhododendron davidii Franchet
rhododendron_davidsonianum.md → Rhododendron davidsonianum Rehder & Wilson
rhododendron_decorum.md → Rhododendron decorum Franchet
rhododendron_dendricola.md → Rhododendron dendricola Hutchinson
rhododendron_dendrocharis.md → Rhododendron dendrocharis Franchet
rhododendron_denudatum.md → Rhododendron denudatum Leveille
rhododendron_detersile.md → Rhododendron detersile Franchet
rhododendron_diaprepes.md → Rhododendron diaprepes Balfour f. &W. W. Smith
rhododendron_dilatatum.md → Rhododendron dilatatum Miquel
rhododendron_dimitrium.md → Rhododendron dimitrium Balfour f. & Forrest
rhododendron_dumicola.md → Rhododendron dumicola Tagg & Forrest in Stevenson (ed.)
rhododendron_eclecteum.md → Rhododendron eclecteum Balfour f. & Forrest
rhododendron_edgeworthii.md → Rhododendron edgeworthii Hooker
rhododendron_elliottii.md → Rhododendron elliottii Watt in Brandis
rhododendron_erastum.md → Rhododendron erastum Balfour f. & Forrest
rhododendron_ericoides.md → Rhododendron ericoides Low ex Hook.f.
rhododendron_esetulosum.md → Rhododendron esetulosum Balfour f. & Forrest
rhododendron_esquirolii.md → Rhododendron esquirolii Leveille
rhododendron_euchroum.md → Rhododendron euchroum Balfour f. & Kingdon-Ward
rhododendron_eudoxum.md → Rhododendron eudoxum Balfour f. & Forrest
rhododendron_exasperatura.md → Rhododendron exasperatura Tagg
rhododendron_excellens.md → Rhododendron excellens Hemsley & Wilson
rhododendron_excelsum.md → Rhododendron excelsum Chevalier
rhododendron_faberi.md → Rhododendron faberi Hemsley
rhododendron_facetum.md → Rhododendron facetum Balfour f. & Kingdon-Ward
rhododendron_faithae.md → Rhododendron faithae Chun
rhododendron_falconeri.md → Rhododendron falconeri Hooker f.
rhododendron_farinosum.md → Rhododendron farinosum Leveille
rhododendron_farrerae.md → Rhododendron farrerae Tate apud Sweet
rhododendron_fastigiatum.md → Rhododendron fastigiatum Franchet
rhododendron_faucium.md → Rhododendron faucium Chamberlain
rhododendron_feddei.md → Rhododendron feddei Leveille
rhododendron_ferrugineum.md → Rhododendron ferrugineum Linnaeus
rhododendron_flammeum.md → Rhododendron flammeum (Michx.) Sargent
rhododendron_flavantherum.md → Rhododendron flavantherum Hutchinson & Kingdon Ward
rhododendron_flavidum.md → Rhododendron flavidum Franchet
rhododendron_fletcheranum.md → Rhododendron fletcheranum Davidian
rhododendron_fleuryi.md → Rhododendron fleuryi Dop
rhododendron_floccigerum.md → Rhododendron floccigerum Franchet
rhododendron_floribundum.md → Rhododendron floribundum Franchet
rhododendron_florulentum.md → Rhododendron florulentum P.X.Tan
rhododendron_flumineum.md → Rhododendron flumineum Fang & M.Y. He
rhododendron_formosanum.md → Rhododendron formosanum Hemsley
rhododendron_formosum.md → Rhododendron formosum Wallich
rhododendron_forrestii.md → Rhododendron forrestii [Balfour f. ex] Diels
rhododendron_fortune.md → Rhododendron fortune Lindley
rhododendron_fragariflorum.md → Rhododendron fragariflorum Kingdon Ward
rhododendron_fragrans.md → Rhododendron fragrans (Adams) Maximowicz
rhododendron_fuchsiifoiium.md → Rhododendron fuchsiifoiium Levi.
rhododendron_fulgens.md → Rhododendron fulgens Hooker f.
rhododendron_fulvum.md → Rhododendron fulvum Balfour f. & W. W. Smith
rhododendron_galactimim.md → Rhododendron galactimim [Balfour f. ex] Tagg
rhododendron_gemmiferum.md → Rhododendron gemmiferum Philipson & Philipson
rhododendron_glanduliferum.md → Rhododendron glanduliferum Franchet
rhododendron_glischrum.md → Rhododendron glischrum Balfour f. & W. W. Smith
rhododendron_gratiosum.md → Rhododendron gratiosum P.X.Tan
rhododendron_griersonianum.md → Rhododendron griersonianum Balfour f. & Forrest
rhododendron_habrotrichum.md → Rhododendron habrotrichum Balfour f. & W. W. Smith
rhododendron_haematodes.md → Rhododendron haematodes Franchet
rhododendron_hainanense.md → Rhododendron hainanense Merrill
rhododendron_hanceanum.md → Rhododendron hanceanum Hemsley
rhododendron_hancockii.md → Rhododendron hancockii Hemsley
rhododendron_haofui.md → Rhododendron haofui Chun & Fang
rhododendron_heliolepis.md → Rhododendron heliolepis Franchet
rhododendron_hemitrichotum.md → Rhododendron hemitrichotum Balfour f. & Forrest
rhododendron_hemsleyanum.md → Rhododendron hemsleyanum Wilson
rhodoendron_henryi.md → Rhodoendron henryi Hance
rhododendron_hidakanum.md → Rhododendron hidakanum Hara
rhododendron_hippophaeoides.md → Rhododendron hippophaeoides Balfour f. & W. W. Smith
rhododendron_hirsutum.md → Rhododendron hirsutum Linnaeus
rhododendron_hirtipes.md → Rhododendron hirtipes Tagg in Stevenson (ed.)
rhododendron_hodgsonii.md → Rhododendron hodgsonii Hooker f.
rhododendron_hongkongense.md → Rhododendron hongkongense Hutchinson
rhododendron_hookeri.md → Rhododendron hookeri Nuttall in Hooker's J. Bot. Kew Gard. Misc. 5: 359 (1853). Type: NE India
rhododendron_huianum.md → Rhododendron huianum Fang in Contr. Biol
rhododendron_huidongense.md → Rhododendron huidongense T. L. Ming
rhododendron_hunanense.md → Rhododendron hunanense [Chun ex] P.X.Tan
rhododendron_hunnewellianum.md → Rhododendron hunnewellianum Rehder & Wilson in Sargent (ed.)
rhododendron_hylaeum.md → Rhododendron hylaeum Balfour f. & Farrer
rhododendron_hyperythrum.md → Rhododendron hyperythrum riayata
rhododendron_iiroratum.md → Rhododendron iiroratum Franchet
rhododendron_impeditum.md → Rhododendron impeditum Balfour f. & W. W. Smith
rhododendron_indieum.md → Rhododendron indieum (L.) Sweet
rhododendron_insigne.md → Rhododendron insigne Hemsley & Wilson
rhododendron_intricatum.md → Rhododendron intricatum Franchet
rhododendron_invictum.md → Rhododendron invictum Balfour f. & Farrer
rhododendron_japonicum.md → Rhododendron japonicum (Blume) Schneider
rhododendron_jinpingense.md → Rhododendron jinpingense Fang & M.Y. He
rhododendron_jinxiuense.md → Rhododendron jinxiuense Fang& M.Y. He
rhododendron_johnstoneanum.md → Rhododendron johnstoneanum [Watt ex] Hutchinson
rhododendron_kaempferi.md → Rhododendron kaempferi Planchon
rhododendron_kanehirai.md → Rhododendron kanehirai Wilson
rhododendron_kasoense.md → Rhododendron kasoense Hutchinson & Kingdon Ward
rhododendron_kawir.md → Rhododendron kawir Danet
rhododendron_keiskei.md → Rhododendron keiskei Miquel
rhododendron_kendrickii.md → Rhododendron kendrickii Nuttall
rhododendron_keysii.md → Rhododendron keysii Nuttall
rhododendron_kiangsiense.md → Rhododendron kiangsiense Fang
rhododendron_kongboense.md → Rhododendron kongboense Hutchinson
rhododendron_korthalsii.md → Rhododendron korthalsii Miquel
rhododendron_kwangtungense.md → Rhododendron kwangtungense Merrill & Chun
rhododendron_kyawi.md → Rhododendron kyawi Lace & W. W. Smith
rhododendron_lacteum.md → Rhododendron lacteum Franchet
rhododendron_lamrialianum.md → Rhododendron lamrialianum Argent & Barkman
rhododendron_lanatoides.md → Rhododendron lanatoides Chamberlain
rhododendron_lanatum.md → Rhododendron lanatum Hooker f.
rhododendron_lapponicum.md → Rhododendron lapponicum (Linnaeus) Wahlenberg
rhododendron_latoucheae.md → Rhododendron latoucheae Franchet
rhododendron_leishanicum.md → Rhododendron leishanicum Fang & S.S. Chang
rhododendron_lepidostylum.md → Rhododendron lepidostylum Balfour f. & Forrest
rhododendron_lepidotum.md → Rhododendron lepidotum [Wallich ex] G. Don
rhododendron_leptopeplum.md → Rhododendron leptopeplum Balfour f. & Forrest
rhododendron_leptothrium.md → Rhododendron leptothrium Balfour f. & Forrest
rhododendron_levinei.md → Rhododendron levinei Merrill
rhododendron_liliiflorum.md → Rhododendron liliiflorum Leveille
rhododendron_lindleyi.md → Rhododendron lindleyi T. Moore
rhododendron_lochiae.md → Rhododendron lochiae F.Muell.
rhododendron_lompohense.md → Rhododendron lompohense J.J.Sm.
rhododendron_longesquamatum.md → Rhododendron longesquamatum Schneider
rhododendron_longipes.md → Rhododendron longipes Rehder & Wilson
rhododendron_longistyium.md → Rhododendron longistyium Rehder & Wilson
rhododendron_loniceriflorum.md → Rhododendron loniceriflorum P.X.Tan
rhododendron_ludiowii.md → Rhododendron ludiowii Cowan
rhododendron_lukiangense.md → Rhododendron lukiangense Franchet
rhododendron_luteiflorum.md → Rhododendron luteiflorum (Davidian) Culien
rhododendron_lutescens.md → Rhododendron lutescens Franchet
rhododendron_huiyangense.md → Rhododendron huiyangense
rhododendron_lyi.md → Rhododendron lyi Leveille
rhododendron_macabeanum.md → Rhododendron macabeanum [Watt ex] Balfour f.
rhododendron_macrophyllum.md → Rhododendron macrophyllum [D. Don ex] G. Don
rhododendron_maculiferum.md → Rhododendron maculiferum Franchet
rhododendron_maddenii.md → Rhododendron maddenii Hooker
rhododendron_mallotum.md → Rhododendron mallotum Balfour f. & Kingdon-Ward
rhododendron_mariesii.md → Rhododendron mariesii Hemsley & Wilson
rhododendron_martinianum.md → Rhododendron martinianum Balfour f. & Forrest
rhododendron_megacalyx.md → Rhododendron megacalyx Balfour f. & Kingdon Ward
rhododendron_megeratum.md → Rhododendron megeratum Balfour f. & Forrest
rhododendron_mekongense.md → Rhododendron mekongense Franchet
rhododendron_mengtszense.md → Rhododendron mengtszense Balfour f. & W. W. Smith
rhododendron_meridionale.md → Rhododendron meridionale P.X.Tan
rhododendron_micranthum.md → Rhododendron micranthum Turczaninow
rhododendron_microgynum.md → Rhododendron microgynum Balfour f. & Forrest
rhododendron_microphyton.md → Rhododendron microphyton Franchet
rhododendron_minus.md → Rhododendron minus Michaux
rhododendron_minyaense.md → Rhododendron minyaense Philipson & Philipson
rhododendron_molle.md → Rhododendron molle (Blume) G. Don
rhododendron_mollicomum.md → Rhododendron mollicomum Balfour f. & W. W. Smith
rhododendron_kiusianum.md → Rhododendron kiusianum
rhododendron_monanthum.md → Rhododendron monanthum Balfour f. & W. W. Smith
rhododendron_monodii.md → Rhododendron monodii (H.J.Lam) Argent comb. nov.
rhododendron_moulmainense.md → Rhododendron moulmainense Hooker f.
rhododendron_moupinense.md → Rhododendron moupinense Franchet
rhododendron_mucronatum.md → Rhododendron mucronatum (Blume) G. Don
rhododendron_mucronulatum.md → Rhododendron mucronulatum Turczaninow
rhododendron_myrsinifolium.md → Rhododendron myrsinifolium [Ching ex] Fang & He
rhododendron_naamkwanense.md → Rhododendron naamkwanense Merrill
rhododendron_nakaharai.md → Rhododendron nakaharai Hayata
rhododendron_nakotiltum.md → Rhododendron nakotiltum Balfour f. & Forrest
rhododendron_neriiflonim.md → Rhododendron neriiflonim Franchet
rhododendron_ngawchangense.md → Rhododendron ngawchangense Philipson & Philipson
rhododendron_nhatrangense.md → Rhododendron nhatrangense Dop in Lecomte (ed.)
rhododendron_nigroglandulosum.md → Rhododendron nigroglandulosum Nitzelius in Rhododendrons with Magnolias and Camellias 1975: 26
rhododendron_nipponicum.md → Rhododendron nipponicum Matsum.
rhododendron_nitidulum.md → Rhododendron nitidulum Rehder & Wilson
rhododendron_nivale.md → Rhododendron nivale Hooker
rhododendron_niveum.md → Rhododendron niveum Hooker f. in Rhododendrons Sikkim Himalaya t.4 (1851). Type: Sikkim
rhododendron_noriakianum.md → Rhododendron noriakianum Suzuki
rhododendron_nuttallii.md → Rhododendron nuttallii Booth
rhododendron_occidentale.md → Rhododendron occidentale (Ton. & A. Gray) A. Gray
rhododendron_ochraceum.md → Rhododendron ochraceum Rehder & Wilson in Sargent (ed.)
rhododendron_orbiculare.md → Rhododendron orbiculare Decaisne
rhododendron_oreodoxa.md → Rhododendron oreodoxa Franchet
rhododendron_oreotrephes.md → Rhododendron oreotrephes W. W. Smith
rhododendron_orthocladum.md → Rhododendron orthocladum Balfour f. & Forrest
rhododendron_ovatum.md → Rhododendron ovatum (Lindley) Maxim.
rhododendron_pachypodum.md → Rhododendron pachypodum Balfour f. & W. W. Smith
rhododendron_pachytrichum.md → Rhododendron pachytrichum Franchet
rhododendron_papillatum.md → Rhododendron papillatum Balfour f. & Cooper
rhododendron_parishii.md → Rhododendron parishii C. B. Clarke in Hooker f.
rhododendron_pemakoense.md → Rhododendron pemakoense Kingdon Ward
rhododendron_pendulum.md → Rhododendron pendulum Hooker
rhododendron_phaeochrysum.md → Rhododendron phaeochrysum Balfour f. & W. W. Smith
rhododendron_pingianum.md → Rhododendron pingianum Fang
rhododendron_pleistanthum.md → Rhododendron pleistanthum [Balfour f. ex] Wilding
rhododendron_pocophorum.md → Rhododendron pocophorum [Balfour f. ex] Tagg
rhododendron_polycladum.md → Rhododendron polycladum Franchet
rhododendron_polylepis.md → Rhododendron polylepis Franchet
rhododendron_poromense.md → Rhododendron poromense J.J.Sm.
rhododendron_praestans.md → Rhododendron praestans Balfour f. & W. W. Smith
rhododendron_praeteritium.md → Rhododendron praeteritium Hutchinson
rhododendron_praevernum.md → Rhododendron praevernum Hutchinson
rhododendron_preptum.md → Rhododendron preptum Balfour f. & Forrest
rhododendron_primuliflorum.md → Rhododendron primuliflorum Bureau & Franchet
rhododendron_principis.md → Rhododendron principis Bureau & Franchet
rhododendron_proteoides.md → Rhododendron proteoides Balfour f. & W. W. Smith
rhododendron_protistum.md → Rhododendron protistum Balfour f. & Forrest
rhododendron_pruniflorum.md → Rhododendron pruniflorum Hutchinson
rhododendron_przewalskii.md → Rhododendron przewalskii Maximovicz
rhododendron_psammogenes.md → Rhododendron psammogenes Sleumer
rhododendron_pubescens.md → Rhododendron pubescens Balfour f. & Forrest
rhododendron_pubicostatum.md → Rhododendron pubicostatum T. L. Ming
rhododendron_pulchroides.md → Rhododendron pulchroides Chung & Fang
rhododendron_pumilum.md → Rhododendron pumilum Hooker
rhododendron_purdomii.md → Rhododendron purdomii Rehder & Wilson in Sargent (ed.)
rhododendron_quinquefolium.md → Rhododendron quinquefolium Bisset Sc S. Moore
rhododendron_racemosum.md → Rhododendron racemosum Franchet
rhododendron_radendum.md → Rhododendron radendum Fang
rhododendron_recurvoides.md → Rhododendron recurvoides Tagg & Kingdon-Ward
rhododendron_reticulatum.md → Rhododendron reticulatum D. Don
rhododendron_retusum.md → Rhododendron retusum (Blume) Benn
rhododendron_rex.md → Rhododendron rex Leveille
rhododendron_rhuyuenense.md → Rhododendron rhuyuenense Chun
rhododendron_rigidum.md → Rhododendron rigidum Franchet
rhododendron_ririei.md → Rhododendron ririei Hemsley & Wilson
rhododendron_roseatum.md → Rhododendron roseatum Hutchinson
rhododendron_roxieanum.md → Rhododendron roxieanum Forrest
rhododendron_roxieoides.md → Rhododendron roxieoides Chamberlain
rhododendron_rubiginosum.md → Rhododendron rubiginosum Franchet
rhododendron_rufescens.md → Rhododendron rufescens Franchet
rhododendron_rufosquamosum.md → Rhododendron rufosquamosum Hutchinson
rhododendron_rufulum.md → Rhododendron rufulum P.X.Tan
rhododendron_rugosum.md → Rhododendron rugosum Low ex Hook.f.
rhododendron_rupicola.md → Rhododendron rupicola W. W. Smith
rhododendron_russatum.md → Rhododendron russatum Balfour f. & Forrest
rhododendron_saluenense.md → Rhododendron saluenense Franchet
rhododendron_sanguineum.md → Rhododendron sanguineum Franchet
rhododendron_santapaui.md → Rhododendron santapaui Sastry, Kataki, P.A.Cox, E.P.Cox & Hutchison
rhododendron_sargentianum.md → Rhododendron sargentianum Rehder & Wilson
rhododendron_saxicolum.md → Rhododendron saxicolum Sleumer
rhododendron_scabrifolium.md → Rhododendron scabrifolium Franchet
rhododendron_scabrum.md → Rhododendron scabrum G. Don
rhododendron_schistocalyx.md → Rhododendron schistocalyx Balfour f. & Forrest
rhododendron_scopulorum.md → Rhododendron scopulorum Hutchinson
rhododendron_searsiae.md → Rhododendron searsiae Rehder & Wilson
rhododendron_seinghkuense.md → Rhododendron seinghkuense Kingdon Ward
rhododendron_selense.md → Rhododendron selense Franchet
rhododendron_serpyllifolium.md → Rhododendron serpyllifolium (A. Gray) Miquel
rhododendron_setosum.md → Rhododendron setosum D. Don
rhododendron_shweliense.md → Rhododendron shweliense Balfour f. & Forrest
rhododendron_sidereum.md → Rhododendron sidereum Balfour f.
rhododendron_siderophyilum.md → Rhododendron siderophyilum Franchet
rhododendron_sikangense.md → Rhododendron sikangense Fang
rhododendron_sikayotaizanense.md → Rhododendron sikayotaizanense Masamune
rhododendron_simsii.md → Rhododendron simsii Planchon
rhododendron_simulans.md → Rhododendron simulans Sleumer
rhododendron_sinofalconeri.md → Rhododendron sinofalconeri Balfour f.
rhododendron_sinogrande.md → Rhododendron sinogrande Balfour f. & W. W. Smith
rhododendron_smirnowii.md → Rhododendron smirnowii Trautvetter
rhododendron_smithii.md → Rhododendron smithii [Nuttallex] Hooker f.
rhododendron_souliei.md → Rhododendron souliei Franchet
rhododendron_spanotrichum.md → Rhododendron spanotrichum Balfour f. & W. W. Smith
rhododendron_sperabile.md → Rhododendron sperabile Balfour f. & Farrer
rhododendron_sphaeroblastum.md → Rhododendron sphaeroblastum Balfour f. & Forrest
rhododendron_spilotum.md → Rhododendron spilotum Balfour f. & Farrer
rhododendron_spinuliferum.md → Rhododendron spinuliferum Franchet
rhododendron_stamineum.md → Rhododendron stamineum Franchet
rhododendron_strigillosum.md → Rhododendron strigillosum Franchet
rhododendron_subansiriense.md → Rhododendron subansiriense Chamberlain
rhododendron_subcerinum.md → Rhododendron subcerinum P.X.Tan
rhododendron_subenerve.md → Rhododendron subenerve P.X.Tan
rhododendron_subflumineum.md → Rhododendron subflumineum P.X.Tan
rhododendron_subulosum.md → Rhododendron subulosum Sleumer
rhododendron_sulfureum.md → Rhododendron sulfureum Franchet
rhododendron_surasianum.md → Rhododendron surasianum Balfour f. & Craib
rhododendron_sutchuenense.md → Rhododendron sutchuenense Franchet
rhododendron_taggianum.md → Rhododendron taggianum Hutchinson
rhododendron_taiense.md → Rhododendron taiense Hutchinson
rhododendron_taiwanalpinum.md → Rhododendron taiwanalpinum Owhi
rhododendron_taliense.md → Rhododendron taliense Franchet
rhododendron_tanastylum.md → Rhododendron tanastylum Balfour f. & Kingdon-Ward
rhododendron_tapeliforme.md → Rhododendron tapeliforme Balfour f. & Kingdon Ward
rhododendron_tatsienense.md → Rhododendron tatsienense Franchet
rhododendron_telmateium.md → Rhododendron telmateium Balfour f. & W. W. Smith
rhododendron_temenium.md → Rhododendron temenium Balfour f. & Forrest
rhododendron_tenuilaminare.md → Rhododendron tenuilaminare P.X.Tan
rhododendron_tephropeplum.md → Rhododendron tephropeplum Balfour f. & Farrer
rhododendron_thayerianum.md → Rhododendron thayerianum Rehder & Wilson in Sargent (ed.)
rhododendron_thomsonii.md → Rhododendron thomsonii Hooker f.
rhododendron_thymifolium.md → Rhododendron thymifolium Maximowicz
rhododendron_traillianum.md → Rhododendron traillianum Forrest & W. W. Smith
rhododendron_trichocladum.md → Rhododendron trichocladum Franchet
rhododendron_trichostomum.md → Rhododendron trichostomum Franchet
rhododendron_triflorum.md → Rhododendron triflorum Hooker
rhododendron_tsaii.md → Rhododendron tsaii Fang
rhododendron_tsoi.md → Rhododendron tsoi Merrill
rhododendron_tsusiophyllum.md → Rhododendron tsusiophyllum Sugimoto
rhododendron_tuhanensis.md → Rhododendron tuhanensis Argent & Barkman
rhododendron_tutcherae.md → Rhododendron tutcherae Hemsley & Wilson
rhododendron_unciferum.md → Rhododendron unciferum P.X.Tan
rhododendron_ungernii.md → Rhododendron ungernii Trautvetter
rhododendron_uniflorum.md → Rhododendron uniflorum Kingdon Ward
rhododendron_uvarifolium.md → Rhododendron uvarifolium Diels
rhododendron_valentinianum.md → Rhododendron valentinianum [Forrest ex] Hutchinson
rhododendron_vaseyi.md → Rhododendron vaseyi A. Gray, Proc. Amer. Acad. 15: 48 (1879).
rhododendron_veitchianum.md → Rhododendron veitchianum Hooker
rhododendron_vernicosum.md → Rhododendron vernicosum Franchet
rhododendron_verticillatum.md → Rhododendron verticillatum Low ex Lindl.
rhododendron_vialii.md → Rhododendron vialii Delavay & Franchet
rhododendron_virgatum.md → Rhododendron virgatum Hooker
rhododendron_viscidifoiium.md → Rhododendron viscidifoiium Davidian
rhododendron_viscigemmatum.md → Rhododendron viscigemmatum P.X.Tan
rhododendron_wadamim.md → Rhododendron wadamim Makino
rhododendron_wallichii.md → Rhododendron wallichii Hooker f.
rhododendron_walongense.md → Rhododendron walongense Kingdon Ward
rhododendron_wardii.md → Rhododendron wardii W. W. Smith
rhododendron_wasonii.md → Rhododendron wasonii Hemsley & Wilson
rhododendron_watsonii.md → Rhododendron watsonii Hemsley & Wilson
rhododendron_websteranum.md → Rhododendron websteranum Rehder & Wilson
rhododendron_wightii.md → Rhododendron wightii Hooker f.
rhododendron_williamsianum.md → Rhododendron williamsianum Rehder & Wilson in Sargent (ed.)
rhododendron_wiltonii.md → Rhododendron wiltonii Hemsley & Wilson
rhododendron_xanthostephanum.md → Rhododendron xanthostephanum Merrill
rhododendron_xenium.md → Rhododendron xenium Gillian Brown & Craven
rhododendron_yangmingshanense.md → Rhododendron yangmingshanense P.X.Tan
rhododendron_yaoshanicum.md → Rhododendron yaoshanicum Fang & M.Y. He
rhododendron_yedoense.md → Rhododendron yedoense Maxim
rhododendron_yelliotii.md → Rhododendron yelliotii Warb.
rhododendron_yungningense.md → Rhododendron yungningense Balfour f
rhododendron_yunnanense.md → Rhododendron yunnanense Franchet
rhododendron_zaleucum.md → Rhododendron zaleucum Balfour f. & W. W. Smith
